<?xml version="1.0" encoding="UTF-8"?>
<config xmlns="http://project.hasor.net/hasor/schema/main">
	<custom id="b">
		<dbSource url="127.0.0.2" />
	</custom>
</config>