<?xml version="1.0" encoding="UTF-8"?>
<config xmlns="http://project.hasor.net/hasor/schema/main">
	<custom id="a">
		<wwwSource url="www.126.com" />
	</custom>
</config>